mode: set
github.com/leetrent/bookings/cmd/web/main.go:22.13,25.16 2 0
github.com/leetrent/bookings/cmd/web/main.go:29.2,36.16 4 0
github.com/leetrent/bookings/cmd/web/main.go:25.16,27.3 1 0
github.com/leetrent/bookings/cmd/web/main.go:39.18,57.16 10 1
github.com/leetrent/bookings/cmd/web/main.go:62.2,69.12 6 1
github.com/leetrent/bookings/cmd/web/main.go:57.16,60.3 2 0
github.com/leetrent/bookings/cmd/web/middleware.go:17.45,28.2 3 1
github.com/leetrent/bookings/cmd/web/middleware.go:31.50,33.2 1 1
github.com/leetrent/bookings/cmd/web/routes.go:12.48,37.2 18 1
